生成启动时间为 2017/1/12 22:31:38。
     1>项目“C:\Users\aa\Documents\Cplusplus\xy\xy\xy.vcxproj”在节点 2 上(Build 个目标)。
     1>ClCompile:
         C:\Program Files (x86)\Microsoft Visual Studio 12.0\VC\bin\CL.exe /c /ZI /nologo /W3 /WX- /sdl /Od /Oy- /D WIN32 /D _DEBUG /D _CONSOLE /D _LIB /D _UNICODE /D UNICODE /Gm /EHsc /RTC1 /MDd /GS /Zc:wchar_t /Zc:forScope /Fo"Debug\\" /Fd"Debug\vc120.pdb" /Gd /TP /analyze- /errorReport:prompt MC.cpp mian.cpp Square.cpp
         MC.cpp
         正在生成代码...
         正在编译...
         mian.cpp
     1>c:\users\aa\documents\cplusplus\xy\xy\mian.cpp(9): warning C4244: “参数”: 从“time_t”转换到“unsigned int”，可能丢失数据
     1>c:\users\aa\documents\cplusplus\xy\xy\mian.cpp(11): warning C4305: “参数”: 从“double”到“float”截断
         正在生成代码...
         正在跳过...(未检测到相关更改)
         Square.cpp
       Link:
         C:\Program Files (x86)\Microsoft Visual Studio 12.0\VC\bin\link.exe /ERRORREPORT:PROMPT /OUT:"C:\Users\aa\Documents\Cplusplus\xy\Debug\xy.exe" /INCREMENTAL /NOLOGO kernel32.lib user32.lib gdi32.lib winspool.lib comdlg32.lib advapi32.lib shell32.lib ole32.lib oleaut32.lib uuid.lib odbc32.lib odbccp32.lib /MANIFEST /MANIFESTUAC:"level='asInvoker' uiAccess='false'" /manifest:embed /DEBUG /PDB:"C:\Users\aa\Documents\Cplusplus\xy\Debug\xy.pdb" /SUBSYSTEM:CONSOLE /TLBID:1 /DYNAMICBASE /NXCOMPAT /IMPLIB:"C:\Users\aa\Documents\Cplusplus\xy\Debug\xy.lib" /MACHINE:X86 Debug\MC.obj
         Debug\mian.obj
         Debug\Square.obj
         xy.vcxproj -> C:\Users\aa\Documents\Cplusplus\xy\Debug\xy.exe
     1>已完成生成项目“C:\Users\aa\Documents\Cplusplus\xy\xy\xy.vcxproj”(Build 个目标)的操作。

生成成功。

已用时间 00:00:04.63
